<?xml version="1.0" encoding="UTF-8"?>
<mets:mets xsi:schemaLocation="http://www.loc.gov/mods/v3 http://www.loc.gov/standards/mods/v3/mods-3-3.xsd http://www.loc.gov/METS/ http://www.loc.gov/standards/mets/version17/mets.v1-7.xsd http://www.loc.gov/standards/premis/ http://www.loc.gov/standards/premis/v2/premis-v2-0.xsd http://www.loc.gov/standards/mix/ http://www.loc.gov/standards/mix/mix.xsd" xmlns:mets="http://www.loc.gov/METS/" xmlns:xsi="http://www.w3.org/2001/XMLSchema-instance"><mets:metsHdr CREATEDATE="2012-07-24T17:47:34"><mets:agent OTHERTYPE="SOFTWARE" ROLE="CREATOR" TYPE="OTHER"><mets:name>Goobi - UGH-1.10-${git.revision} - 24−July−2012</mets:name><mets:note>Goobi</mets:note></mets:agent></mets:metsHdr><mets:dmdSec ID="DMDLOG_0000"><mets:mdWrap MDTYPE="MODS"><mets:xmlData><mods:mods xmlns:mods="http://www.loc.gov/mods/v3"><mods:titleInfo><mods:title>Pliegos de cordel. El Abanico</mods:title></mods:titleInfo><mods:recordInfo><mods:recordIdentifier source="gbv-ppn">CSIC1323960589472</mods:recordIdentifier></mods:recordInfo><mods:classification authority="GDZ">M-CCHS Colecciones bibliográficas indivisibles</mods:classification></mods:mods></mets:xmlData></mets:mdWrap></mets:dmdSec><mets:amdSec ID="AMD"><mets:rightsMD ID="RIGHTS"><mets:mdWrap MDTYPE="OTHER" MIMETYPE="text/xml" OTHERMDTYPE="DVRIGHTS"><mets:xmlData><dv:rights xmlns:dv="http://dfg-viewer.de/"><dv:owner/><dv:ownerLogo/><dv:ownerSiteURL/><dv:ownerContact/></dv:rights></mets:xmlData></mets:mdWrap></mets:rightsMD><mets:digiprovMD ID="DIGIPROV"><mets:mdWrap MDTYPE="OTHER" MIMETYPE="text/xml" OTHERMDTYPE="DVLINKS"><mets:xmlData><dv:links xmlns:dv="http://dfg-viewer.de/"><dv:reference/><dv:presentation/></dv:links></mets:xmlData></mets:mdWrap></mets:digiprovMD></mets:amdSec><mets:structMap TYPE="LOGICAL"><mets:div ADMID="AMD" DMDID="DMDLOG_0000" ID="LOG_0000" LABEL="Pliegos de cordel. El Abanico" TYPE="Series"><mets:div ID="LOG_0001" LABEL="Vida y martirio de los gloriosos San Cipriano y Santa Justina" TYPE="Monograph"><mets:mptr LOCTYPE="URL" xlink:href="" xmlns:xlink="http://www.w3.org/1999/xlink"/></mets:div></mets:div></mets:structMap></mets:mets>