<?xml version="1.0" encoding="UTF-8"?>
<mets:mets xsi:schemaLocation="http://www.loc.gov/mods/v3 http://www.loc.gov/standards/mods/v3/mods-3-3.xsd http://www.loc.gov/METS/ http://www.loc.gov/standards/mets/version17/mets.v1-7.xsd http://www.loc.gov/standards/premis/ http://www.loc.gov/standards/premis/v2/premis-v2-0.xsd http://www.loc.gov/standards/mix/ http://www.loc.gov/standards/mix/mix.xsd" xmlns:mets="http://www.loc.gov/METS/" xmlns:xsi="http://www.w3.org/2001/XMLSchema-instance"><mets:metsHdr CREATEDATE="2012-08-15T13:30:06"><mets:agent OTHERTYPE="SOFTWARE" ROLE="CREATOR" TYPE="OTHER"><mets:name>Goobi - UGH-1.10-c770c11 - 25−July−2012</mets:name><mets:note>Goobi</mets:note></mets:agent></mets:metsHdr><mets:dmdSec ID="DMDLOG_0001"><mets:mdWrap MDTYPE="MODS"><mets:xmlData><mods:mods xmlns:mods="http://www.loc.gov/mods/v3"><mods:location><mods:physicalLocation>MAD01 M-CCHS</mods:physicalLocation><mods:shelfLocator>FL COL PLIEGOS/21/14</mods:shelfLocator></mods:location><mods:originInfo><mods:publisher>s.n.</mods:publisher><mods:place><mods:placeTerm type="text">Barcelona</mods:placeTerm></mods:place><mods:dateIssued encoding="w3cdtf" keyDate="yes">s.a.]</mods:dateIssued></mods:originInfo><mods:titleInfo><mods:title>Vida y martirio de los gloriosos San Cipriano y Santa Justina</mods:title></mods:titleInfo><mods:relatedItem type="host"><mods:recordInfo><mods:recordIdentifier source="gbv-ppn">CSIC1323960589472</mods:recordIdentifier></mods:recordInfo></mods:relatedItem><mods:recordInfo><mods:recordIdentifier source="gbv-ppn">CSIC000927959</mods:recordIdentifier></mods:recordInfo><mods:classification authority="GDZ">M-CCHS Colecciones bibliográficas indivisibles</mods:classification><mods:language><mods:languageTerm authority="iso639-2b" type="code">spa</mods:languageTerm></mods:language><mods:physicalDescription><mods:extent>4 p. ; 23 cm.</mods:extent></mods:physicalDescription></mods:mods></mets:xmlData></mets:mdWrap></mets:dmdSec><mets:dmdSec ID="DMDPHYS_0000"><mets:mdWrap MDTYPE="MODS"><mets:xmlData><mods:mods xmlns:mods="http://www.loc.gov/mods/v3"><mods:location1><mods:holdingSimple><mods:copyInformation><mods:pieceDesignation>100360</mods:pieceDesignation></mods:copyInformation></mods:holdingSimple><mods:physicalLocation>MAD01 M-CCHS</mods:physicalLocation><mods:shelfLocator>FL COL PLIEGOS/21/14</mods:shelfLocator></mods:location1><mods:originInfo><mods:dateCaptured encoding="w3cdtf">010918</mods:dateCaptured></mods:originInfo></mods:mods></mets:xmlData></mets:mdWrap></mets:dmdSec><mets:amdSec ID="AMD_0001"><mets:techMD ID="techMD_0001"><mets:mdWrap MDTYPE="PREMIS:OBJECT"><mets:xmlData><premis:object xmlns:premis="http://www.loc.gov/standards/premis/v2/premis-v2-0.xsd"><premis:objectIdentifier><premis:objectIdentifierType>CSIC</premis:objectIdentifierType><premis:objectIdentifierValue>M_000927959_100360_V00_00001</premis:objectIdentifierValue></premis:objectIdentifier><premis:preservationLevel><premis:preservationLevelValue>full</premis:preservationLevelValue><premis:preservationLevelRole>required</premis:preservationLevelRole><premis:preservationLevelDateAssigned>20110914</premis:preservationLevelDateAssigned></premis:preservationLevel><premis:objectCharacteristics><premis:compositionLevel>0</premis:compositionLevel><premis:size>28171798</premis:size><premis:format><premis:formatDesignation><premis:formatName>image/tiff</premis:formatName><premis:formatVersion>6.0</premis:formatVersion></premis:formatDesignation><premis:formatRegistry><premis:formatRegistryName>PRONOM</premis:formatRegistryName><premis:formatRegistryKey>FMT/10</premis:formatRegistryKey></premis:formatRegistry></premis:format><premis:creatingApplication><premis:creatingApplicationName>Omniscan</premis:creatingApplicationName><premis:creatingApplicationVersion>12.2</premis:creatingApplicationVersion><premis:dateCreatedByApplication>2011-09-14T12:45:40</premis:dateCreatedByApplication></premis:creatingApplication><premis:objectCharacteristicsExtension><mix:mix xmlns:mix="http://www.loc.gov/standards/mix/"><mix:BasicDigitalObjectInformation><mix:byteOrder>little_endian</mix:byteOrder><mix:Compression><mix:compressionScheme>uncompressed</mix:compressionScheme></mix:Compression></mix:BasicDigitalObjectInformation><mix:BasicImageInformation><mix:BasicImageCharacteristics><mix:imageWidth>2644</mix:imageWidth><mix:imageHeight>3548</mix:imageHeight><mix:PhotometricInterpretation><mix:colorSpace>sRGB</mix:colorSpace></mix:PhotometricInterpretation></mix:BasicImageCharacteristics></mix:BasicImageInformation><mix:ImageCaptureMetadata><mix:ScannerCapture><mix:scannerManufacturer>Zeutschel</mix:scannerManufacturer><mix:ScannerModel><mix:scannerModelName>OS 12000 HQ</mix:scannerModelName><mix:scannerModelSerialNo>54559</mix:scannerModelSerialNo><mix:maximumOpticalResolution>400p.p.i</mix:maximumOpticalResolution></mix:ScannerModel></mix:ScannerCapture></mix:ImageCaptureMetadata><mix:ImageAssessmentMetadata><mix:ImageColorEncoding><mix:BitsPerSample><mix:bitsPerSampleValue>8</mix:bitsPerSampleValue></mix:BitsPerSample><mix:samplesPerPixel>3</mix:samplesPerPixel></mix:ImageColorEncoding></mix:ImageAssessmentMetadata></mix:mix></premis:objectCharacteristicsExtension></premis:objectCharacteristics><premis:originalName>M_000927959_100360_V00_00001.tif</premis:originalName><premis:environment><premis:environmentCharacteristic>know to work</premis:environmentCharacteristic><premis:environmentPurpose>render</premis:environmentPurpose><premis:environmentPurpose>edit</premis:environmentPurpose><premis:software><premis:swName>Adobe Photoshop</premis:swName><premis:swVersion>CS4</premis:swVersion><premis:swType>renderer</premis:swType></premis:software><premis:software><premis:swName>Windows</premis:swName><premis:swVersion>XP</premis:swVersion><premis:swType>operatingSystem</premis:swType></premis:software><premis:hardware><premis:hwName>Intel x86</premis:hwName><premis:hwType>processor</premis:hwType><premis:hwOtherInformation>100 mhz minimum</premis:hwOtherInformation></premis:hardware><premis:hardware><premis:hwName>2 GB RAM</premis:hwName><premis:hwType>memory</premis:hwType><premis:hwOtherInformation>256 MB minimum</premis:hwOtherInformation></premis:hardware></premis:environment></premis:object></mets:xmlData></mets:mdWrap></mets:techMD><mets:techMD ID="techMD_0002"><mets:mdWrap MDTYPE="PREMIS:OBJECT"><mets:xmlData><premis:object xmlns:premis="http://www.loc.gov/standards/premis/v2/premis-v2-0.xsd"><premis:objectIdentifier><premis:objectIdentifierType>CSIC</premis:objectIdentifierType><premis:objectIdentifierValue>M_000927959_100360_V00_00002</premis:objectIdentifierValue></premis:objectIdentifier><premis:preservationLevel><premis:preservationLevelValue>full</premis:preservationLevelValue><premis:preservationLevelRole>required</premis:preservationLevelRole><premis:preservationLevelDateAssigned>20110914</premis:preservationLevelDateAssigned></premis:preservationLevel><premis:objectCharacteristics><premis:compositionLevel>0</premis:compositionLevel><premis:size>28240762</premis:size><premis:format><premis:formatDesignation><premis:formatName>image/tiff</premis:formatName><premis:formatVersion>6.0</premis:formatVersion></premis:formatDesignation><premis:formatRegistry><premis:formatRegistryName>PRONOM</premis:formatRegistryName><premis:formatRegistryKey>FMT/10</premis:formatRegistryKey></premis:formatRegistry></premis:format><premis:creatingApplication><premis:creatingApplicationName>Omniscan</premis:creatingApplicationName><premis:creatingApplicationVersion>12.2</premis:creatingApplicationVersion><premis:dateCreatedByApplication>2011-09-14T12:45:41</premis:dateCreatedByApplication></premis:creatingApplication><premis:objectCharacteristicsExtension><mix:mix xmlns:mix="http://www.loc.gov/standards/mix/"><mix:BasicDigitalObjectInformation><mix:byteOrder>little_endian</mix:byteOrder><mix:Compression><mix:compressionScheme>uncompressed</mix:compressionScheme></mix:Compression></mix:BasicDigitalObjectInformation><mix:BasicImageInformation><mix:BasicImageCharacteristics><mix:imageWidth>2646</mix:imageWidth><mix:imageHeight>3554</mix:imageHeight><mix:PhotometricInterpretation><mix:colorSpace>sRGB</mix:colorSpace></mix:PhotometricInterpretation></mix:BasicImageCharacteristics></mix:BasicImageInformation><mix:ImageCaptureMetadata><mix:ScannerCapture><mix:scannerManufacturer>Zeutschel</mix:scannerManufacturer><mix:ScannerModel><mix:scannerModelName>OS 12000 HQ</mix:scannerModelName><mix:scannerModelSerialNo>54559</mix:scannerModelSerialNo><mix:maximumOpticalResolution>400p.p.i</mix:maximumOpticalResolution></mix:ScannerModel></mix:ScannerCapture></mix:ImageCaptureMetadata><mix:ImageAssessmentMetadata><mix:ImageColorEncoding><mix:BitsPerSample><mix:bitsPerSampleValue>8</mix:bitsPerSampleValue></mix:BitsPerSample><mix:samplesPerPixel>3</mix:samplesPerPixel></mix:ImageColorEncoding></mix:ImageAssessmentMetadata></mix:mix></premis:objectCharacteristicsExtension></premis:objectCharacteristics><premis:originalName>M_000927959_100360_V00_00002.tif</premis:originalName><premis:environment><premis:environmentCharacteristic>know to work</premis:environmentCharacteristic><premis:environmentPurpose>render</premis:environmentPurpose><premis:environmentPurpose>edit</premis:environmentPurpose><premis:software><premis:swName>Adobe Photoshop</premis:swName><premis:swVersion>CS4</premis:swVersion><premis:swType>renderer</premis:swType></premis:software><premis:software><premis:swName>Windows</premis:swName><premis:swVersion>XP</premis:swVersion><premis:swType>operatingSystem</premis:swType></premis:software><premis:hardware><premis:hwName>Intel x86</premis:hwName><premis:hwType>processor</premis:hwType><premis:hwOtherInformation>100 mhz minimum</premis:hwOtherInformation></premis:hardware><premis:hardware><premis:hwName>2 GB RAM</premis:hwName><premis:hwType>memory</premis:hwType><premis:hwOtherInformation>256 MB minimum</premis:hwOtherInformation></premis:hardware></premis:environment></premis:object></mets:xmlData></mets:mdWrap></mets:techMD><mets:techMD ID="techMD_0003"><mets:mdWrap MDTYPE="PREMIS:OBJECT"><mets:xmlData><premis:object xmlns:premis="http://www.loc.gov/standards/premis/v2/premis-v2-0.xsd"><premis:objectIdentifier><premis:objectIdentifierType>CSIC</premis:objectIdentifierType><premis:objectIdentifierValue>M_000927959_100360_V00_00003</premis:objectIdentifierValue></premis:objectIdentifier><premis:preservationLevel><premis:preservationLevelValue>full</premis:preservationLevelValue><premis:preservationLevelRole>required</premis:preservationLevelRole><premis:preservationLevelDateAssigned>20110914</premis:preservationLevelDateAssigned></premis:preservationLevel><premis:objectCharacteristics><premis:compositionLevel>0</premis:compositionLevel><premis:size>28216714</premis:size><premis:format><premis:formatDesignation><premis:formatName>image/tiff</premis:formatName><premis:formatVersion>6.0</premis:formatVersion></premis:formatDesignation><premis:formatRegistry><premis:formatRegistryName>PRONOM</premis:formatRegistryName><premis:formatRegistryKey>FMT/10</premis:formatRegistryKey></premis:formatRegistry></premis:format><premis:creatingApplication><premis:creatingApplicationName>Omniscan</premis:creatingApplicationName><premis:creatingApplicationVersion>12.2</premis:creatingApplicationVersion><premis:dateCreatedByApplication>2011-09-14T12:45:43</premis:dateCreatedByApplication></premis:creatingApplication><premis:objectCharacteristicsExtension><mix:mix xmlns:mix="http://www.loc.gov/standards/mix/"><mix:BasicDigitalObjectInformation><mix:byteOrder>little_endian</mix:byteOrder><mix:Compression><mix:compressionScheme>uncompressed</mix:compressionScheme></mix:Compression></mix:BasicDigitalObjectInformation><mix:BasicImageInformation><mix:BasicImageCharacteristics><mix:imageWidth>2643</mix:imageWidth><mix:imageHeight>3555</mix:imageHeight><mix:PhotometricInterpretation><mix:colorSpace>sRGB</mix:colorSpace></mix:PhotometricInterpretation></mix:BasicImageCharacteristics></mix:BasicImageInformation><mix:ImageCaptureMetadata><mix:ScannerCapture><mix:scannerManufacturer>Zeutschel</mix:scannerManufacturer><mix:ScannerModel><mix:scannerModelName>OS 12000 HQ</mix:scannerModelName><mix:scannerModelSerialNo>54559</mix:scannerModelSerialNo><mix:maximumOpticalResolution>400p.p.i</mix:maximumOpticalResolution></mix:ScannerModel></mix:ScannerCapture></mix:ImageCaptureMetadata><mix:ImageAssessmentMetadata><mix:ImageColorEncoding><mix:BitsPerSample><mix:bitsPerSampleValue>8</mix:bitsPerSampleValue></mix:BitsPerSample><mix:samplesPerPixel>3</mix:samplesPerPixel></mix:ImageColorEncoding></mix:ImageAssessmentMetadata></mix:mix></premis:objectCharacteristicsExtension></premis:objectCharacteristics><premis:originalName>M_000927959_100360_V00_00003.tif</premis:originalName><premis:environment><premis:environmentCharacteristic>know to work</premis:environmentCharacteristic><premis:environmentPurpose>render</premis:environmentPurpose><premis:environmentPurpose>edit</premis:environmentPurpose><premis:software><premis:swName>Adobe Photoshop</premis:swName><premis:swVersion>CS4</premis:swVersion><premis:swType>renderer</premis:swType></premis:software><premis:software><premis:swName>Windows</premis:swName><premis:swVersion>XP</premis:swVersion><premis:swType>operatingSystem</premis:swType></premis:software><premis:hardware><premis:hwName>Intel x86</premis:hwName><premis:hwType>processor</premis:hwType><premis:hwOtherInformation>100 mhz minimum</premis:hwOtherInformation></premis:hardware><premis:hardware><premis:hwName>2 GB RAM</premis:hwName><premis:hwType>memory</premis:hwType><premis:hwOtherInformation>256 MB minimum</premis:hwOtherInformation></premis:hardware></premis:environment></premis:object></mets:xmlData></mets:mdWrap></mets:techMD><mets:techMD ID="techMD_0004"><mets:mdWrap MDTYPE="PREMIS:OBJECT"><mets:xmlData><premis:object xmlns:premis="http://www.loc.gov/standards/premis/v2/premis-v2-0.xsd"><premis:objectIdentifier><premis:objectIdentifierType>CSIC</premis:objectIdentifierType><premis:objectIdentifierValue>M_000927959_100360_V00_00004</premis:objectIdentifierValue></premis:objectIdentifier><premis:preservationLevel><premis:preservationLevelValue>full</premis:preservationLevelValue><premis:preservationLevelRole>required</premis:preservationLevelRole><premis:preservationLevelDateAssigned>20110914</premis:preservationLevelDateAssigned></premis:preservationLevel><premis:objectCharacteristics><premis:compositionLevel>0</premis:compositionLevel><premis:size>28146354</premis:size><premis:format><premis:formatDesignation><premis:formatName>image/tiff</premis:formatName><premis:formatVersion>6.0</premis:formatVersion></premis:formatDesignation><premis:formatRegistry><premis:formatRegistryName>PRONOM</premis:formatRegistryName><premis:formatRegistryKey>FMT/10</premis:formatRegistryKey></premis:formatRegistry></premis:format><premis:creatingApplication><premis:creatingApplicationName>Omniscan</premis:creatingApplicationName><premis:creatingApplicationVersion>12.2</premis:creatingApplicationVersion><premis:dateCreatedByApplication>2011-09-14T12:45:44</premis:dateCreatedByApplication></premis:creatingApplication><premis:objectCharacteristicsExtension><mix:mix xmlns:mix="http://www.loc.gov/standards/mix/"><mix:BasicDigitalObjectInformation><mix:byteOrder>little_endian</mix:byteOrder><mix:Compression><mix:compressionScheme>uncompressed</mix:compressionScheme></mix:Compression></mix:BasicDigitalObjectInformation><mix:BasicImageInformation><mix:BasicImageCharacteristics><mix:imageWidth>2629</mix:imageWidth><mix:imageHeight>3565</mix:imageHeight><mix:PhotometricInterpretation><mix:colorSpace>sRGB</mix:colorSpace></mix:PhotometricInterpretation></mix:BasicImageCharacteristics></mix:BasicImageInformation><mix:ImageCaptureMetadata><mix:ScannerCapture><mix:scannerManufacturer>Zeutschel</mix:scannerManufacturer><mix:ScannerModel><mix:scannerModelName>OS 12000 HQ</mix:scannerModelName><mix:scannerModelSerialNo>54559</mix:scannerModelSerialNo><mix:maximumOpticalResolution>400p.p.i</mix:maximumOpticalResolution></mix:ScannerModel></mix:ScannerCapture></mix:ImageCaptureMetadata><mix:ImageAssessmentMetadata><mix:ImageColorEncoding><mix:BitsPerSample><mix:bitsPerSampleValue>8</mix:bitsPerSampleValue></mix:BitsPerSample><mix:samplesPerPixel>3</mix:samplesPerPixel></mix:ImageColorEncoding></mix:ImageAssessmentMetadata></mix:mix></premis:objectCharacteristicsExtension></premis:objectCharacteristics><premis:originalName>M_000927959_100360_V00_00004.tif</premis:originalName><premis:environment><premis:environmentCharacteristic>know to work</premis:environmentCharacteristic><premis:environmentPurpose>render</premis:environmentPurpose><premis:environmentPurpose>edit</premis:environmentPurpose><premis:software><premis:swName>Adobe Photoshop</premis:swName><premis:swVersion>CS4</premis:swVersion><premis:swType>renderer</premis:swType></premis:software><premis:software><premis:swName>Windows</premis:swName><premis:swVersion>XP</premis:swVersion><premis:swType>operatingSystem</premis:swType></premis:software><premis:hardware><premis:hwName>Intel x86</premis:hwName><premis:hwType>processor</premis:hwType><premis:hwOtherInformation>100 mhz minimum</premis:hwOtherInformation></premis:hardware><premis:hardware><premis:hwName>2 GB RAM</premis:hwName><premis:hwType>memory</premis:hwType><premis:hwOtherInformation>256 MB minimum</premis:hwOtherInformation></premis:hardware></premis:environment></premis:object></mets:xmlData></mets:mdWrap></mets:techMD><mets:rightsMD ID="rightsMD_0001"><mets:mdWrap MDTYPE="OTHER" OTHERMDTYPE="METSRights"><mets:xmlData><rts:RightsDeclarationMD RIGHTSCATEGORY="PUBLIC DOMAIN" xmlns:rts="http://cosimo.stanford.edu/sdr/metsrights/"><rts:RightsHolder><rts:RightsHolderName>None</rts:RightsHolderName></rts:RightsHolder><rts:Context CONTEXTCLASS="GENERAL PUBLIC"><rts:Constraints><rts:ConstraintDescription>Public Domain</rts:ConstraintDescription></rts:Constraints></rts:Context></rts:RightsDeclarationMD></mets:xmlData></mets:mdWrap></mets:rightsMD><mets:digiprovMD ID="digiprovMD_0001"><mets:mdWrap MDTYPE="PREMIS:EVENT"><mets:xmlData><premis:event xmlns:premis="http://www.loc.gov/standards/premis/v2/premis-v2-0.xsd"><premis:eventIdentifier><eventIdentifierType>CSIC</eventIdentifierType><eventIdentifierValue>ECR01</eventIdentifierValue></premis:eventIdentifier><premis:eventType>creation</premis:eventType></premis:event></mets:xmlData></mets:mdWrap></mets:digiprovMD><mets:digiprovMD ID="digiprovMD_0002"><mets:mdWrap MDTYPE="PREMIS:EVENT"><mets:xmlData><premis:event xmlns:premis="http://www.loc.gov/standards/premis/v2/premis-v2-0.xsd"><premis:eventIdentifier><eventIdentifierType>CSIC</eventIdentifierType><eventIdentifierValue>EVA03</eventIdentifierValue></premis:eventIdentifier><premis:eventType>validation</premis:eventType><premis:eventDateTime>2011-09-14T13:22:25</premis:eventDateTime><premis:eventOutcomeInformation><premis:eventOutcome>successful</premis:eventOutcome><premis:eventOutcomeDetail><premis:eventOutcomeDetailNote>Well-formed and valid (JHove)</premis:eventOutcomeDetailNote></premis:eventOutcomeDetail></premis:eventOutcomeInformation></premis:event></mets:xmlData></mets:mdWrap></mets:digiprovMD></mets:amdSec><mets:fileSec><mets:fileGrp USE="LOCAL"><mets:file ADMID="techMD_0001 rightsMD_0001 digiprovMD_0001 digiprovMD_0002" ID="M_000927959_100360_V00_00001" MIMETYPE="image/tiff"><mets:FLocat LOCTYPE="URL" xlink:href="M_000927959_100360_V00/M_000927959_100360_V00_00001.tif" xmlns:xlink="http://www.w3.org/1999/xlink"/></mets:file><mets:file ADMID="techMD_0002 rightsMD_0001 digiprovMD_0001 digiprovMD_0002" ID="M_000927959_100360_V00_00002" MIMETYPE="image/tiff"><mets:FLocat LOCTYPE="URL" xlink:href="M_000927959_100360_V00/M_000927959_100360_V00_00002.tif" xmlns:xlink="http://www.w3.org/1999/xlink"/></mets:file><mets:file ADMID="techMD_0003 rightsMD_0001 digiprovMD_0001 digiprovMD_0002" ID="M_000927959_100360_V00_00003" MIMETYPE="image/tiff"><mets:FLocat LOCTYPE="URL" xlink:href="M_000927959_100360_V00/M_000927959_100360_V00_00003.tif" xmlns:xlink="http://www.w3.org/1999/xlink"/></mets:file><mets:file ADMID="techMD_0004 rightsMD_0001 digiprovMD_0001 digiprovMD_0002" ID="M_000927959_100360_V00_00004" MIMETYPE="image/tiff"><mets:FLocat LOCTYPE="URL" xlink:href="M_000927959_100360_V00/M_000927959_100360_V00_00004.tif" xmlns:xlink="http://www.w3.org/1999/xlink"/></mets:file></mets:fileGrp></mets:fileSec><mets:structMap TYPE="LOGICAL"><mets:div ID="LOG_0002" LABEL="Pliegos de cordel. El Abanico" TYPE="Series"><mets:mptr LOCTYPE="URL" xlink:href="" xmlns:xlink="http://www.w3.org/1999/xlink"/><mets:div ADMID="AMD_0001" DMDID="DMDLOG_0001" ID="LOG_0003" LABEL="Vida y martirio de los gloriosos San Cipriano y Santa Justina" TYPE="Monograph"/></mets:div></mets:structMap><mets:structMap TYPE="PHYSICAL"><mets:div DMDID="DMDPHYS_0000" ID="PHYS_0000" TYPE="physSequence"><mets:div ID="PHYS_0001" ORDER="1" ORDERLABEL="Portada" TYPE="page"><mets:fptr FILEID="M_000927959_100360_V00_00001"/></mets:div><mets:div ID="PHYS_0002" ORDER="2" ORDERLABEL="Página sin Numerar" TYPE="page"><mets:fptr FILEID="M_000927959_100360_V00_00002"/></mets:div><mets:div ID="PHYS_0003" ORDER="3" ORDERLABEL="Página sin Numerar" TYPE="page"><mets:fptr FILEID="M_000927959_100360_V00_00003"/></mets:div><mets:div ID="PHYS_0004" ORDER="4" ORDERLABEL="Página sin Numerar" TYPE="page"><mets:fptr FILEID="M_000927959_100360_V00_00004"/></mets:div></mets:div></mets:structMap><mets:structLink><mets:smLink xlink:to="PHYS_0001" xlink:from="LOG_0003" xmlns:xlink="http://www.w3.org/1999/xlink"/><mets:smLink xlink:to="PHYS_0002" xlink:from="LOG_0003" xmlns:xlink="http://www.w3.org/1999/xlink"/><mets:smLink xlink:to="PHYS_0003" xlink:from="LOG_0003" xmlns:xlink="http://www.w3.org/1999/xlink"/><mets:smLink xlink:to="PHYS_0004" xlink:from="LOG_0003" xmlns:xlink="http://www.w3.org/1999/xlink"/></mets:structLink></mets:mets>